<?xml version="1.0" encoding="UTF-8" ?>
<testsuite tests="23" failures="0" name="com.codenjoy.dojo.snakebattle.client.ClosestBestSolverTest" time="0.76" errors="0" skipped="2">
  <properties>
    <property name="java.runtime.name" value="Java(TM) SE Runtime Environment"/>
    <property name="java.vm.version" value="11.0.2+9-LTS"/>
    <property name="sun.boot.library.path" value="/Library/Java/JavaVirtualMachines/jdk-11.0.2.jdk/Contents/Home/lib"/>
    <property name="gopherProxySet" value="false"/>
    <property name="maven.multiModuleProjectDirectory" value="/Users/ptkvsk/Code/snakebattle"/>
    <property name="java.vm.vendor" value="Oracle Corporation"/>
    <property name="java.vendor.url" value="http://java.oracle.com/"/>
    <property name="guice.disable.misplaced.annotation.check" value="true"/>
    <property name="path.separator" value=":"/>
    <property name="java.vm.name" value="Java HotSpot(TM) 64-Bit Server VM"/>
    <property name="sun.os.patch.level" value="unknown"/>
    <property name="user.country" value="US"/>
    <property name="sun.java.launcher" value="SUN_STANDARD"/>
    <property name="java.vm.specification.name" value="Java Virtual Machine Specification"/>
    <property name="user.dir" value="/Users/ptkvsk/Code/snakebattle"/>
    <property name="java.vm.compressedOopsMode" value="Zero based"/>
    <property name="java.runtime.version" value="11.0.2+9-LTS"/>
    <property name="java.awt.graphicsenv" value="sun.awt.CGraphicsEnvironment"/>
    <property name="os.arch" value="x86_64"/>
    <property name="java.io.tmpdir" value="/var/folders/lw/8jpm8yh52ps83qmzhnfb8psr0000gn/T/"/>
    <property name="line.separator" value="
"/>
    <property name="java.vm.specification.vendor" value="Oracle Corporation"/>
    <property name="os.name" value="Mac OS X"/>
    <property name="classworlds.conf" value="/usr/local/Cellar/maven/3.6.0/libexec/bin/m2.conf"/>
    <property name="sun.jnu.encoding" value="UTF-8"/>
    <property name="java.library.path" value="/Users/ptkvsk/Library/Java/Extensions:/Library/Java/Extensions:/Network/Library/Java/Extensions:/System/Library/Java/Extensions:/usr/lib/java:."/>
    <property name="maven.conf" value="/usr/local/Cellar/maven/3.6.0/libexec/conf"/>
    <property name="jdk.debug" value="release"/>
    <property name="java.class.version" value="55.0"/>
    <property name="java.specification.name" value="Java Platform API Specification"/>
    <property name="sun.management.compiler" value="HotSpot 64-Bit Tiered Compilers"/>
    <property name="os.version" value="10.14.2"/>
    <property name="library.jansi.path" value="/usr/local/Cellar/maven/3.6.0/libexec/lib/jansi-native"/>
    <property name="http.nonProxyHosts" value="local|*.local|169.254/16|*.169.254/16"/>
    <property name="user.home" value="/Users/ptkvsk"/>
    <property name="user.timezone" value="Europe/Kiev"/>
    <property name="java.awt.printerjob" value="sun.lwawt.macosx.CPrinterJob"/>
    <property name="file.encoding" value="UTF-8"/>
    <property name="java.specification.version" value="11"/>
    <property name="user.name" value="ptkvsk"/>
    <property name="java.class.path" value="/usr/local/Cellar/maven/3.6.0/libexec/boot/plexus-classworlds-2.5.2.jar"/>
    <property name="java.vm.specification.version" value="11"/>
    <property name="sun.arch.data.model" value="64"/>
    <property name="sun.java.command" value="org.codehaus.plexus.classworlds.launcher.Launcher clean install"/>
    <property name="java.home" value="/Library/Java/JavaVirtualMachines/jdk-11.0.2.jdk/Contents/Home"/>
    <property name="user.language" value="en"/>
    <property name="java.specification.vendor" value="Oracle Corporation"/>
    <property name="awt.toolkit" value="sun.lwawt.macosx.LWCToolkit"/>
    <property name="java.vm.info" value="mixed mode"/>
    <property name="java.version" value="11.0.2"/>
    <property name="java.vendor" value="Oracle Corporation"/>
    <property name="maven.home" value="/usr/local/Cellar/maven/3.6.0/libexec"/>
    <property name="file.separator" value="/"/>
    <property name="java.version.date" value="2019-01-15"/>
    <property name="java.vendor.url.bug" value="http://bugreport.java.com/bugreport/"/>
    <property name="sun.io.unicode.encoding" value="UnicodeBig"/>
    <property name="sun.cpu.endian" value="little"/>
    <property name="java.vendor.version" value="18.9"/>
    <property name="socksNonProxyHosts" value="local|*.local|169.254/16|*.169.254/16"/>
    <property name="ftp.nonProxyHosts" value="local|*.local|169.254/16|*.169.254/16"/>
    <property name="sun.cpu.isalist" value=""/>
  </properties>
  <testcase classname="com.codenjoy.dojo.snakebattle.client.ClosestBestSolverTest" name="dontBeAfraidOfASleepingHead" time="0.171"/>
  <testcase classname="com.codenjoy.dojo.snakebattle.client.ClosestBestSolverTest" name="avoidCollisionSmallerLengthNonFury" time="0.004"/>
  <testcase classname="com.codenjoy.dojo.snakebattle.client.ClosestBestSolverTest" name="avoidCollisionEqualLengthNonFury" time="0.004"/>
  <testcase classname="com.codenjoy.dojo.snakebattle.client.ClosestBestSolverTest" name="trivialCases" time="0.018"/>
  <testcase classname="com.codenjoy.dojo.snakebattle.client.ClosestBestSolverTest" name="avoidCollisionBiggerLengthEnemyFury" time="0.004"/>
  <testcase classname="com.codenjoy.dojo.snakebattle.client.ClosestBestSolverTest" name="avoidCollisionBiggerBy1LengthNonFury" time="0.005"/>
  <testcase classname="com.codenjoy.dojo.snakebattle.client.ClosestBestSolverTest" name="preferStonesIfLong" time="0.048"/>
  <testcase classname="com.codenjoy.dojo.snakebattle.client.ClosestBestSolverTest" name="investigation1" time="0.082"/>
  <testcase classname="com.codenjoy.dojo.snakebattle.client.ClosestBestSolverTest" name="investigation2" time="0.051"/>
  <testcase classname="com.codenjoy.dojo.snakebattle.client.ClosestBestSolverTest" name="investigation3" time="0.045"/>
  <testcase classname="com.codenjoy.dojo.snakebattle.client.ClosestBestSolverTest" name="investigation4" time="0.082"/>
  <testcase classname="com.codenjoy.dojo.snakebattle.client.ClosestBestSolverTest" name="investigation5" time="0.049"/>
  <testcase classname="com.codenjoy.dojo.snakebattle.client.ClosestBestSolverTest" name="takeCollisionBiggerBy2LengthNonFury" time="0.003"/>
  <testcase classname="com.codenjoy.dojo.snakebattle.client.ClosestBestSolverTest" name="takeCollisionSmallerButFury" time="0.004"/>
  <testcase classname="com.codenjoy.dojo.snakebattle.client.ClosestBestSolverTest" name="avoidDynamicDeadend1" time="0.004">
    <skipped/>
  </testcase>
  <testcase classname="com.codenjoy.dojo.snakebattle.client.ClosestBestSolverTest" name="avoidDynamicDeadend2" time="0.004">
    <skipped/>
  </testcase>
  <testcase classname="com.codenjoy.dojo.snakebattle.client.ClosestBestSolverTest" name="lucrativityTest1" time="0.003"/>
  <testcase classname="com.codenjoy.dojo.snakebattle.client.ClosestBestSolverTest" name="lucrativityTest2" time="0.003"/>
  <testcase classname="com.codenjoy.dojo.snakebattle.client.ClosestBestSolverTest" name="goBehind" time="0.003"/>
  <testcase classname="com.codenjoy.dojo.snakebattle.client.ClosestBestSolverTest" name="avoidCollisionEqualLengthFury" time="0.003"/>
  <testcase classname="com.codenjoy.dojo.snakebattle.client.ClosestBestSolverTest" name="avoidDeadEnds1" time="0.045"/>
  <testcase classname="com.codenjoy.dojo.snakebattle.client.ClosestBestSolverTest" name="avoidDeadEnds2" time="0.044"/>
  <testcase classname="com.codenjoy.dojo.snakebattle.client.ClosestBestSolverTest" name="preferApplesOrGoldWhenShort" time="0.081"/>
</testsuite>